Flow report for SPI_Slave
Tue Dec 03 11:36:39 2019
Quartus II 64-Bit Version 13.0.1 Build 232 06/12/2013 Service Pack 1 SJ Web Edition


---------------------
; Table of Contents ;
---------------------
  1. Legal Notice
  2. Flow Summary
  3. Flow Settings
  4. Flow Non-Default Global Settings
  5. Flow Elapsed Time
  6. Flow OS Summary
  7. Flow Log
  8. Flow Messages
  9. Flow Suppressed Messages



----------------
; Legal Notice ;
----------------
Copyright (C) 1991-2013 Altera Corporation
Your use of Altera Corporation's design tools, logic functions 
and other software and tools, and its AMPP partner logic 
functions, and any output files from any of the foregoing 
(including device programming or simulation files), and any 
associated documentation or information are expressly subject 
to the terms and conditions of the Altera Program License 
Subscription Agreement, Altera MegaCore Function License 
Agreement, or other applicable license agreement, including, 
without limitation, that your use is for the sole purpose of 
programming logic devices manufactured by Altera and sold by 
Altera or its authorized distributors.  Please refer to the 
applicable agreement for further details.



+--------------------------------------------------------------------------------------+
; Flow Summary                                                                         ;
+------------------------------------+-------------------------------------------------+
; Flow Status                        ; Successful - Tue Dec 03 11:36:37 2019           ;
; Quartus II 64-Bit Version          ; 13.0.1 Build 232 06/12/2013 SP 1 SJ Web Edition ;
; Revision Name                      ; SPI_Slave                                       ;
; Top-level Entity Name              ; TOP_LEVEL                                       ;
; Family                             ; Cyclone II                                      ;
; Total logic elements               ; 62 / 4,608 ( 1 % )                              ;
;     Total combinational functions  ; 51 / 4,608 ( 1 % )                              ;
;     Dedicated logic registers      ; 37 / 4,608 ( < 1 % )                            ;
; Total registers                    ; 37                                              ;
; Total pins                         ; 4 / 89 ( 4 % )                                  ;
; Total virtual pins                 ; 0                                               ;
; Total memory bits                  ; 0 / 119,808 ( 0 % )                             ;
; Embedded Multiplier 9-bit elements ; 0 / 26 ( 0 % )                                  ;
; Total PLLs                         ; 0 / 2 ( 0 % )                                   ;
; Device                             ; EP2C5T144C6                                     ;
; Timing Models                      ; Final                                           ;
+------------------------------------+-------------------------------------------------+


+-----------------------------------------+
; Flow Settings                           ;
+-------------------+---------------------+
; Option            ; Setting             ;
+-------------------+---------------------+
; Start date & time ; 12/03/2019 11:36:29 ;
; Main task         ; Compilation         ;
; Revision Name     ; SPI_Slave           ;
+-------------------+---------------------+


+------------------------------------------------------------------------------------------------------------------+
; Flow Non-Default Global Settings                                                                                 ;
+-------------------------------------+---------------------------------+---------------+-------------+------------+
; Assignment Name                     ; Value                           ; Default Value ; Entity Name ; Section Id ;
+-------------------------------------+---------------------------------+---------------+-------------+------------+
; COMPILER_SIGNATURE_ID               ; 172426275742135.157538018903820 ; --            ; --          ; --         ;
; PARTITION_COLOR                     ; 16764057                        ; --            ; TOP_LEVEL   ; Top        ;
; PARTITION_FITTER_PRESERVATION_LEVEL ; PLACEMENT_AND_ROUTING           ; --            ; TOP_LEVEL   ; Top        ;
; PARTITION_NETLIST_TYPE              ; SOURCE                          ; --            ; TOP_LEVEL   ; Top        ;
; PROJECT_OUTPUT_DIRECTORY            ; output_files                    ; --            ; --          ; --         ;
; TOP_LEVEL_ENTITY                    ; TOP_LEVEL                       ; SPI_Slave     ; --          ; --         ;
+-------------------------------------+---------------------------------+---------------+-------------+------------+


+-------------------------------------------------------------------------------------------------------------------------------+
; Flow Elapsed Time                                                                                                             ;
+---------------------------+--------------+-------------------------+---------------------+------------------------------------+
; Module Name               ; Elapsed Time ; Average Processors Used ; Peak Virtual Memory ; Total CPU Time (on all processors) ;
+---------------------------+--------------+-------------------------+---------------------+------------------------------------+
; Analysis & Synthesis      ; 00:00:02     ; 1.0                     ; 476 MB              ; 00:00:02                           ;
; Fitter                    ; 00:00:03     ; 1.0                     ; 575 MB              ; 00:00:04                           ;
; Assembler                 ; 00:00:01     ; 1.0                     ; 399 MB              ; 00:00:01                           ;
; TimeQuest Timing Analyzer ; 00:00:01     ; 1.0                     ; 381 MB              ; 00:00:01                           ;
; Total                     ; 00:00:07     ; --                      ; --                  ; 00:00:08                           ;
+---------------------------+--------------+-------------------------+---------------------+------------------------------------+


+----------------------------------------------------------------------------------------+
; Flow OS Summary                                                                        ;
+---------------------------+------------------+-----------+------------+----------------+
; Module Name               ; Machine Hostname ; OS Name   ; OS Version ; Processor type ;
+---------------------------+------------------+-----------+------------+----------------+
; Analysis & Synthesis      ; Leuzios          ; Windows 7 ; 6.1        ; x86_64         ;
; Fitter                    ; Leuzios          ; Windows 7 ; 6.1        ; x86_64         ;
; Assembler                 ; Leuzios          ; Windows 7 ; 6.1        ; x86_64         ;
; TimeQuest Timing Analyzer ; Leuzios          ; Windows 7 ; 6.1        ; x86_64         ;
+---------------------------+------------------+-----------+------------+----------------+


------------
; Flow Log ;
------------
quartus_map --read_settings_files=on --write_settings_files=off SPI_Slave -c SPI_Slave
quartus_fit --read_settings_files=off --write_settings_files=off SPI_Slave -c SPI_Slave
quartus_asm --read_settings_files=off --write_settings_files=off SPI_Slave -c SPI_Slave
quartus_sta SPI_Slave -c SPI_Slave



